{"synthetic": false,
 "schemaVersion": "2025-09-10",
 "outputs":
 {"o": ["8de4787917a22a31.olean"],
  "i": "f56001df2c45f92a.ilean",
  "c": "e205185e939e08cc.c"},
 "log":
 [{"message":
   ".> LEAN_PATH=/Users/colomband/Library/CloudStorage/OneDrive-Personal/Documents/Studies/ETH/Master Thesis/workspace/open-source-game-theory/code/.lake/build/lib/lean /Users/colomband/.elan/toolchains/leanprover--lean4---v4.28.0/bin/lean /Users/colomband/Library/CloudStorage/OneDrive-Personal/Documents/Studies/ETH/Master Thesis/workspace/open-source-game-theory/code/PrisonersDilemma/Proofs/WorkflowTemplate.lean -o /Users/colomband/Library/CloudStorage/OneDrive-Personal/Documents/Studies/ETH/Master Thesis/workspace/open-source-game-theory/code/.lake/build/lib/lean/PrisonersDilemma/Proofs/WorkflowTemplate.olean -i /Users/colomband/Library/CloudStorage/OneDrive-Personal/Documents/Studies/ETH/Master Thesis/workspace/open-source-game-theory/code/.lake/build/lib/lean/PrisonersDilemma/Proofs/WorkflowTemplate.ilean -c /Users/colomband/Library/CloudStorage/OneDrive-Personal/Documents/Studies/ETH/Master Thesis/workspace/open-source-game-theory/code/.lake/build/ir/PrisonersDilemma/Proofs/WorkflowTemplate.c --setup /Users/colomband/Library/CloudStorage/OneDrive-Personal/Documents/Studies/ETH/Master Thesis/workspace/open-source-game-theory/code/.lake/build/ir/PrisonersDilemma/Proofs/WorkflowTemplate.setup.json --json",
   "level": "trace"}],
 "inputs":
 [["PrisonersDilemma.Proofs.WorkflowTemplate:deps",
   [["deps",
     [["PrisonersDilemma/PrisonersDilemma:extraDep",
       [["@PrisonersDilemma:extraDep", "00000000000006bb"]]],
      ["imports",
       [["PrisonersDilemma.Pipeline transitive imports (legacy)",
         "b9d214cbd468058f"],
        ["PrisonersDilemma.Pipeline:importAllArts", "49d179c84fa031a1"]]]]],
    ["libs",
     [["import dynlibs", "00000000000006bb"],
      ["package external libraries", "00000000000006bb"],
      ["module dynlibs", "00000000000006bb"],
      ["module plugins", "00000000000006bb"]]]]],
  ["Lean 4.28.0, commit 7e01a1bf5c70fc6167d49c345d3bf80596e9a79b",
   "a96bc04a2e5e9630"],
  ["/Users/colomband/Library/CloudStorage/OneDrive-Personal/Documents/Studies/ETH/Master Thesis/workspace/open-source-game-theory/code/PrisonersDilemma/Proofs/WorkflowTemplate.lean",
   "7664499cff25130b"],
  ["options", "00000000000006bb"],
  ["Module.leanArgs: #[]", "00000000000006bb"]],
 "depHash": "e67b043c1ee9ac1b"}