{"synthetic": false,
 "schemaVersion": "2025-09-10",
 "outputs":
 {"o": ["af3268b7635679f0.olean"],
  "i": "a415fe0e81b4d2a0.ilean",
  "c": "8c792538cfb5da39.c"},
 "log":
 [{"message":
   ".> LEAN_PATH=/Users/colomband/Library/CloudStorage/OneDrive-Personal/Documents/Studies/ETH/Master Thesis/workspace/open-source-game-theory/code/.lake/build/lib/lean /Users/colomband/.elan/toolchains/leanprover--lean4---v4.28.0/bin/lean /Users/colomband/Library/CloudStorage/OneDrive-Personal/Documents/Studies/ETH/Master Thesis/workspace/open-source-game-theory/code/PrisonersDilemma.lean -o /Users/colomband/Library/CloudStorage/OneDrive-Personal/Documents/Studies/ETH/Master Thesis/workspace/open-source-game-theory/code/.lake/build/lib/lean/PrisonersDilemma.olean -i /Users/colomband/Library/CloudStorage/OneDrive-Personal/Documents/Studies/ETH/Master Thesis/workspace/open-source-game-theory/code/.lake/build/lib/lean/PrisonersDilemma.ilean -c /Users/colomband/Library/CloudStorage/OneDrive-Personal/Documents/Studies/ETH/Master Thesis/workspace/open-source-game-theory/code/.lake/build/ir/PrisonersDilemma.c --setup /Users/colomband/Library/CloudStorage/OneDrive-Personal/Documents/Studies/ETH/Master Thesis/workspace/open-source-game-theory/code/.lake/build/ir/PrisonersDilemma.setup.json --json",
   "level": "trace"}],
 "inputs":
 [["PrisonersDilemma:deps",
   [["deps",
     [["PrisonersDilemma/PrisonersDilemma:extraDep",
       [["@PrisonersDilemma:extraDep", "00000000000006bb"]]],
      ["imports",
       [["PrisonersDilemma.Core transitive imports (legacy)",
         "00000000000006bb"],
        ["PrisonersDilemma.Core:importAllArts", "f1c077d1a8d4471e"],
        ["PrisonersDilemma.Pipeline transitive imports (legacy)",
         "b9d214cbd468058f"],
        ["PrisonersDilemma.Pipeline:importAllArts", "49d179c84fa031a1"],
        ["PrisonersDilemma.Models.Simple transitive imports (legacy)",
         "bc26947afa249424"],
        ["PrisonersDilemma.Models.Simple:importAllArts", "5b54c19ba02a598c"],
        ["PrisonersDilemma.Models.OpenSourceBots transitive imports (legacy)",
         "bc26947afa249424"],
        ["PrisonersDilemma.Models.OpenSourceBots:importAllArts",
         "bc99ab4b792aefd7"],
        ["PrisonersDilemma.Proofs.Simple transitive imports (legacy)",
         "3bd8c22ad5817610"],
        ["PrisonersDilemma.Proofs.Simple:importAllArts", "bc5e270ad533b24a"],
        ["PrisonersDilemma.Proofs.WorkflowTemplate transitive imports (legacy)",
         "bc26947afa249424"],
        ["PrisonersDilemma.Proofs.WorkflowTemplate:importAllArts",
         "ed947e1d34c316c1"],
        ["PrisonersDilemma.Proofs.OpenSourceBots transitive imports (legacy)",
         "9ec469b3a58b5a87"],
        ["PrisonersDilemma.Proofs.OpenSourceBots:importAllArts",
         "57e0763f0c37a0ec"]]]]],
    ["libs",
     [["import dynlibs", "00000000000006bb"],
      ["package external libraries", "00000000000006bb"],
      ["module dynlibs", "00000000000006bb"],
      ["module plugins", "00000000000006bb"]]]]],
  ["Lean 4.28.0, commit 7e01a1bf5c70fc6167d49c345d3bf80596e9a79b",
   "a96bc04a2e5e9630"],
  ["/Users/colomband/Library/CloudStorage/OneDrive-Personal/Documents/Studies/ETH/Master Thesis/workspace/open-source-game-theory/code/PrisonersDilemma.lean",
   "2f6f16542a0c06d2"],
  ["options", "00000000000006bb"],
  ["Module.leanArgs: #[]", "00000000000006bb"]],
 "depHash": "a858cd538bbb2f47"}