{"synthetic": false,
 "schemaVersion": "2025-09-10",
 "outputs":
 {"o": ["8578884aef9cfebc.olean"],
  "i": "6590c572e35dbdd3.ilean",
  "c": "1bcdde3ba0a621dc.c"},
 "log":
 [{"message":
   ".> LEAN_PATH=/Users/colomband/Library/CloudStorage/OneDrive-Personal/Documents/Studies/ETH/Master Thesis/workspace/open-source-gt/.lake/build/lib/lean /Users/colomband/.elan/toolchains/leanprover--lean4---v4.28.0/bin/lean /Users/colomband/Library/CloudStorage/OneDrive-Personal/Documents/Studies/ETH/Master Thesis/workspace/open-source-gt/PrisonersDilemma.lean -o /Users/colomband/Library/CloudStorage/OneDrive-Personal/Documents/Studies/ETH/Master Thesis/workspace/open-source-gt/.lake/build/lib/lean/PrisonersDilemma.olean -i /Users/colomband/Library/CloudStorage/OneDrive-Personal/Documents/Studies/ETH/Master Thesis/workspace/open-source-gt/.lake/build/lib/lean/PrisonersDilemma.ilean -c /Users/colomband/Library/CloudStorage/OneDrive-Personal/Documents/Studies/ETH/Master Thesis/workspace/open-source-gt/.lake/build/ir/PrisonersDilemma.c --setup /Users/colomband/Library/CloudStorage/OneDrive-Personal/Documents/Studies/ETH/Master Thesis/workspace/open-source-gt/.lake/build/ir/PrisonersDilemma.setup.json --json",
   "level": "trace"}],
 "inputs":
 [["PrisonersDilemma:deps",
   [["deps",
     [["PrisonersDilemma/PrisonersDilemma:extraDep",
       [["@PrisonersDilemma:extraDep", "00000000000006bb"]]],
      ["imports",
       [["PrisonersDilemma.Basic transitive imports (legacy)",
         "00000000000006bb"],
        ["PrisonersDilemma.Basic:importAllArts", "c12cc89256682b75"]]]]],
    ["libs",
     [["import dynlibs", "00000000000006bb"],
      ["package external libraries", "00000000000006bb"],
      ["module dynlibs", "00000000000006bb"],
      ["module plugins", "00000000000006bb"]]]]],
  ["Lean 4.28.0, commit 7e01a1bf5c70fc6167d49c345d3bf80596e9a79b",
   "a96bc04a2e5e9630"],
  ["/Users/colomband/Library/CloudStorage/OneDrive-Personal/Documents/Studies/ETH/Master Thesis/workspace/open-source-gt/PrisonersDilemma.lean",
   "cfa1934cca641b59"],
  ["options", "00000000000006bb"],
  ["Module.leanArgs: #[]", "00000000000006bb"]],
 "depHash": "52036973a7fdcd2b"}