{"synthetic": false,
 "schemaVersion": "2025-09-10",
 "outputs":
 {"o": ["2af1ce87a4fe8f0e.olean"],
  "i": "17a869b830db6d1d.ilean",
  "c": "8aec4d5c438dcfd8.c"},
 "log":
 [{"message":
   ".> LEAN_PATH=/Users/colomband/Library/CloudStorage/OneDrive-Personal/Documents/Studies/ETH/Master Thesis/workspace/open-source-game-theory/open-source-gt/.lake/build/lib/lean /Users/colomband/.elan/toolchains/leanprover--lean4---v4.28.0/bin/lean /Users/colomband/Library/CloudStorage/OneDrive-Personal/Documents/Studies/ETH/Master Thesis/workspace/open-source-game-theory/open-source-gt/PrisonersDilemma/Models/Simple.lean -o /Users/colomband/Library/CloudStorage/OneDrive-Personal/Documents/Studies/ETH/Master Thesis/workspace/open-source-game-theory/open-source-gt/.lake/build/lib/lean/PrisonersDilemma/Models/Simple.olean -i /Users/colomband/Library/CloudStorage/OneDrive-Personal/Documents/Studies/ETH/Master Thesis/workspace/open-source-game-theory/open-source-gt/.lake/build/lib/lean/PrisonersDilemma/Models/Simple.ilean -c /Users/colomband/Library/CloudStorage/OneDrive-Personal/Documents/Studies/ETH/Master Thesis/workspace/open-source-game-theory/open-source-gt/.lake/build/ir/PrisonersDilemma/Models/Simple.c --setup /Users/colomband/Library/CloudStorage/OneDrive-Personal/Documents/Studies/ETH/Master Thesis/workspace/open-source-game-theory/open-source-gt/.lake/build/ir/PrisonersDilemma/Models/Simple.setup.json --json",
   "level": "trace"}],
 "inputs":
 [["PrisonersDilemma.Models.Simple:deps",
   [["deps",
     [["PrisonersDilemma/PrisonersDilemma:extraDep",
       [["@PrisonersDilemma:extraDep", "00000000000006bb"]]],
      ["imports",
       [["PrisonersDilemma.Pipeline transitive imports (legacy)",
         "2dcea9025076d63f"],
        ["PrisonersDilemma.Pipeline:importAllArts", "c709ca15635da81f"]]]]],
    ["libs",
     [["import dynlibs", "00000000000006bb"],
      ["package external libraries", "00000000000006bb"],
      ["module dynlibs", "00000000000006bb"],
      ["module plugins", "00000000000006bb"]]]]],
  ["Lean 4.28.0, commit 7e01a1bf5c70fc6167d49c345d3bf80596e9a79b",
   "a96bc04a2e5e9630"],
  ["/Users/colomband/Library/CloudStorage/OneDrive-Personal/Documents/Studies/ETH/Master Thesis/workspace/open-source-game-theory/open-source-gt/PrisonersDilemma/Models/Simple.lean",
   "00f3b84e66edc2f4"],
  ["options", "00000000000006bb"],
  ["Module.leanArgs: #[]", "00000000000006bb"]],
 "depHash": "22a11573c8b51849"}