{"synthetic": false,
 "schemaVersion": "2025-09-10",
 "outputs":
 {"o": ["635554cf1bb42f34.olean"],
  "i": "d5ad487ecaf9bce4.ilean",
  "c": "8f75ae73ac5f8124.c"},
 "log":
 [{"message":
   ".> LEAN_PATH=/Users/colomband/Library/CloudStorage/OneDrive-Personal/Documents/Studies/ETH/Master Thesis/workspace/open-source-game-theory/code/.lake/build/lib/lean /Users/colomband/.elan/toolchains/leanprover--lean4---v4.28.0/bin/lean /Users/colomband/Library/CloudStorage/OneDrive-Personal/Documents/Studies/ETH/Master Thesis/workspace/open-source-game-theory/code/PrisonersDilemma/Pipeline.lean -o /Users/colomband/Library/CloudStorage/OneDrive-Personal/Documents/Studies/ETH/Master Thesis/workspace/open-source-game-theory/code/.lake/build/lib/lean/PrisonersDilemma/Pipeline.olean -i /Users/colomband/Library/CloudStorage/OneDrive-Personal/Documents/Studies/ETH/Master Thesis/workspace/open-source-game-theory/code/.lake/build/lib/lean/PrisonersDilemma/Pipeline.ilean -c /Users/colomband/Library/CloudStorage/OneDrive-Personal/Documents/Studies/ETH/Master Thesis/workspace/open-source-game-theory/code/.lake/build/ir/PrisonersDilemma/Pipeline.c --setup /Users/colomband/Library/CloudStorage/OneDrive-Personal/Documents/Studies/ETH/Master Thesis/workspace/open-source-game-theory/code/.lake/build/ir/PrisonersDilemma/Pipeline.setup.json --json",
   "level": "trace"}],
 "inputs":
 [["PrisonersDilemma.Pipeline:deps",
   [["deps",
     [["PrisonersDilemma/PrisonersDilemma:extraDep",
       [["@PrisonersDilemma:extraDep", "00000000000006bb"]]],
      ["imports",
       [["PrisonersDilemma.Core transitive imports (legacy)",
         "00000000000006bb"],
        ["PrisonersDilemma.Core:importAllArts", "f1c077d1a8d4471e"]]]]],
    ["libs",
     [["import dynlibs", "00000000000006bb"],
      ["package external libraries", "00000000000006bb"],
      ["module dynlibs", "00000000000006bb"],
      ["module plugins", "00000000000006bb"]]]]],
  ["Lean 4.28.0, commit 7e01a1bf5c70fc6167d49c345d3bf80596e9a79b",
   "a96bc04a2e5e9630"],
  ["/Users/colomband/Library/CloudStorage/OneDrive-Personal/Documents/Studies/ETH/Master Thesis/workspace/open-source-game-theory/code/PrisonersDilemma/Pipeline.lean",
   "1256cebdf4205e26"],
  ["options", "00000000000006bb"],
  ["Module.leanArgs: #[]", "00000000000006bb"]],
 "depHash": "2a05f2d902e260a1"}