{"synthetic": false,
 "schemaVersion": "2025-09-10",
 "outputs":
 {"o": ["61cc5ab24942c9d7.olean"],
  "i": "49379719a4281319.ilean",
  "c": "3846ada9270b74c6.c"},
 "log":
 [{"message":
   ".> LEAN_PATH=/Users/colomband/Library/CloudStorage/OneDrive-Personal/Documents/Studies/ETH/Master Thesis/workspace/open-source-game-theory/open-source-gt/.lake/build/lib/lean /Users/colomband/.elan/toolchains/leanprover--lean4---v4.28.0/bin/lean /Users/colomband/Library/CloudStorage/OneDrive-Personal/Documents/Studies/ETH/Master Thesis/workspace/open-source-game-theory/open-source-gt/PrisonersDilemma/Core.lean -o /Users/colomband/Library/CloudStorage/OneDrive-Personal/Documents/Studies/ETH/Master Thesis/workspace/open-source-game-theory/open-source-gt/.lake/build/lib/lean/PrisonersDilemma/Core.olean -i /Users/colomband/Library/CloudStorage/OneDrive-Personal/Documents/Studies/ETH/Master Thesis/workspace/open-source-game-theory/open-source-gt/.lake/build/lib/lean/PrisonersDilemma/Core.ilean -c /Users/colomband/Library/CloudStorage/OneDrive-Personal/Documents/Studies/ETH/Master Thesis/workspace/open-source-game-theory/open-source-gt/.lake/build/ir/PrisonersDilemma/Core.c --setup /Users/colomband/Library/CloudStorage/OneDrive-Personal/Documents/Studies/ETH/Master Thesis/workspace/open-source-game-theory/open-source-gt/.lake/build/ir/PrisonersDilemma/Core.setup.json --json",
   "level": "trace"}],
 "inputs":
 [["PrisonersDilemma.Core:deps",
   [["deps",
     [["PrisonersDilemma/PrisonersDilemma:extraDep",
       [["@PrisonersDilemma:extraDep", "00000000000006bb"]]],
      ["imports", "00000000000006bb"]]],
    ["libs",
     [["import dynlibs", "00000000000006bb"],
      ["package external libraries", "00000000000006bb"],
      ["module dynlibs", "00000000000006bb"],
      ["module plugins", "00000000000006bb"]]]]],
  ["Lean 4.28.0, commit 7e01a1bf5c70fc6167d49c345d3bf80596e9a79b",
   "a96bc04a2e5e9630"],
  ["/Users/colomband/Library/CloudStorage/OneDrive-Personal/Documents/Studies/ETH/Master Thesis/workspace/open-source-game-theory/open-source-gt/PrisonersDilemma/Core.lean",
   "562e56687cf80e29"],
  ["options", "00000000000006bb"],
  ["Module.leanArgs: #[]", "00000000000006bb"]],
 "depHash": "42f6c26956671229"}