{"synthetic": false,
 "schemaVersion": "2025-09-10",
 "outputs":
 {"o": ["9430f1f904e1bee5.olean"],
  "i": "97a32a41fba4d5d6.ilean",
  "c": "c40b65dc5df0cf28.c"},
 "log":
 [{"message":
   ".> LEAN_PATH=/Users/colomband/Library/CloudStorage/OneDrive-Personal/Documents/Studies/ETH/Master Thesis/workspace/open-source-game-theory/code/.lake/build/lib/lean /Users/colomband/.elan/toolchains/leanprover--lean4---v4.28.0/bin/lean /Users/colomband/Library/CloudStorage/OneDrive-Personal/Documents/Studies/ETH/Master Thesis/workspace/open-source-game-theory/code/PrisonersDilemma/Models/Simple.lean -o /Users/colomband/Library/CloudStorage/OneDrive-Personal/Documents/Studies/ETH/Master Thesis/workspace/open-source-game-theory/code/.lake/build/lib/lean/PrisonersDilemma/Models/Simple.olean -i /Users/colomband/Library/CloudStorage/OneDrive-Personal/Documents/Studies/ETH/Master Thesis/workspace/open-source-game-theory/code/.lake/build/lib/lean/PrisonersDilemma/Models/Simple.ilean -c /Users/colomband/Library/CloudStorage/OneDrive-Personal/Documents/Studies/ETH/Master Thesis/workspace/open-source-game-theory/code/.lake/build/ir/PrisonersDilemma/Models/Simple.c --setup /Users/colomband/Library/CloudStorage/OneDrive-Personal/Documents/Studies/ETH/Master Thesis/workspace/open-source-game-theory/code/.lake/build/ir/PrisonersDilemma/Models/Simple.setup.json --json",
   "level": "trace"}],
 "inputs":
 [["PrisonersDilemma.Models.Simple:deps",
   [["deps",
     [["PrisonersDilemma/PrisonersDilemma:extraDep",
       [["@PrisonersDilemma:extraDep", "00000000000006bb"]]],
      ["imports",
       [["PrisonersDilemma.Pipeline transitive imports (legacy)",
         "b9d214cbd468058f"],
        ["PrisonersDilemma.Pipeline:importAllArts", "49d179c84fa031a1"]]]]],
    ["libs",
     [["import dynlibs", "00000000000006bb"],
      ["package external libraries", "00000000000006bb"],
      ["module dynlibs", "00000000000006bb"],
      ["module plugins", "00000000000006bb"]]]]],
  ["Lean 4.28.0, commit 7e01a1bf5c70fc6167d49c345d3bf80596e9a79b",
   "a96bc04a2e5e9630"],
  ["/Users/colomband/Library/CloudStorage/OneDrive-Personal/Documents/Studies/ETH/Master Thesis/workspace/open-source-game-theory/code/PrisonersDilemma/Models/Simple.lean",
   "8835262212bf5f39"],
  ["options", "00000000000006bb"],
  ["Module.leanArgs: #[]", "00000000000006bb"]],
 "depHash": "cba151f895851edd"}